Configuring zlib-bindings-0.1.1.5...
Building zlib-bindings-0.1.1.5...
Preprocessing library zlib-bindings-0.1.1.5...
[1 of 2] Compiling Codec.Zlib.Lowlevel ( Codec/Zlib/Lowlevel.hs, .stack-work/dist/x86_64-osx/Cabal-1.22.4.0/build/Codec/Zlib/Lowlevel.o )
[2 of 2] Compiling Codec.Zlib       ( Codec/Zlib.hs, .stack-work/dist/x86_64-osx/Cabal-1.22.4.0/build/Codec/Zlib.o )

c/helper.c:32:45:
     warning: passing 'const char *' to parameter of type 'const Bytef *' (aka 'const unsigned char *') converts between pointers to integer types with different sign [-Wpointer-sign]
            return inflateSetDictionary(stream, dictionary, dictLength);
                                                ^~~~~~~~~~

/usr/include/zlib.h:790:59:
     note: passing argument to parameter 'dictionary' here
                                                 const Bytef *dictionary,
                                                              ^

/usr/include/zconf.h:240:23:  note: expanded from macro 'OF'
#    define OF(args)  args
                      ^

c/helper.c:37:45:
     warning: passing 'const char *' to parameter of type 'const Bytef *' (aka 'const unsigned char *') converts between pointers to integer types with different sign [-Wpointer-sign]
            return deflateSetDictionary(stream, dictionary, dictLength);
                                                ^~~~~~~~~~

/usr/include/zlib.h:584:59:
     note: passing argument to parameter 'dictionary' here
                                                 const Bytef *dictionary,
                                                              ^

/usr/include/zconf.h:240:23:  note: expanded from macro 'OF'
#    define OF(args)  args
                      ^

c/helper.c:48:18:
     warning: assigning to 'Bytef *' (aka 'unsigned char *') from 'char *' converts between pointers to integer types with different sign [-Wpointer-sign]
            stream->next_in = buff;
                            ^ ~~~~

c/helper.c:54:19:
     warning: assigning to 'Bytef *' (aka 'unsigned char *') from 'char *' converts between pointers to integer types with different sign [-Wpointer-sign]
            stream->next_out = buff;
                             ^ ~~~~

c/helper.c:75:9:
     warning: returning 'Bytef *' (aka 'unsigned char *') from a function with result type 'char *' converts between pointers to integer types with different sign [-Wpointer-sign]
            return stream->next_in;
                   ^~~~~~~~~~~~~~~
5 warnings generated.

c/helper.c:32:45:
     warning: passing 'const char *' to parameter of type 'const Bytef *' (aka 'const unsigned char *') converts between pointers to integer types with different sign [-Wpointer-sign]
            return inflateSetDictionary(stream, dictionary, dictLength);
                                                ^~~~~~~~~~

/usr/include/zlib.h:790:59:
     note: passing argument to parameter 'dictionary' here
                                                 const Bytef *dictionary,
                                                              ^

/usr/include/zconf.h:240:23:  note: expanded from macro 'OF'
#    define OF(args)  args
                      ^

c/helper.c:37:45:
     warning: passing 'const char *' to parameter of type 'const Bytef *' (aka 'const unsigned char *') converts between pointers to integer types with different sign [-Wpointer-sign]
            return deflateSetDictionary(stream, dictionary, dictLength);
                                                ^~~~~~~~~~

/usr/include/zlib.h:584:59:
     note: passing argument to parameter 'dictionary' here
                                                 const Bytef *dictionary,
                                                              ^

/usr/include/zconf.h:240:23:  note: expanded from macro 'OF'
#    define OF(args)  args
                      ^

c/helper.c:48:18:
     warning: assigning to 'Bytef *' (aka 'unsigned char *') from 'char *' converts between pointers to integer types with different sign [-Wpointer-sign]
            stream->next_in = buff;
                            ^ ~~~~

c/helper.c:54:19:
     warning: assigning to 'Bytef *' (aka 'unsigned char *') from 'char *' converts between pointers to integer types with different sign [-Wpointer-sign]
            stream->next_out = buff;
                             ^ ~~~~

c/helper.c:75:9:
     warning: returning 'Bytef *' (aka 'unsigned char *') from a function with result type 'char *' converts between pointers to integer types with different sign [-Wpointer-sign]
            return stream->next_in;
                   ^~~~~~~~~~~~~~~
5 warnings generated.
In-place registering zlib-bindings-0.1.1.5...
Installing library in
/Users/adinapoli/.stack/snapshots/x86_64-osx/lts-3.10/7.10.2/lib/x86_64-osx-ghc-7.10.2/zlib-bindings-0.1.1.5-J8fdhjx0VM70N5Y2vwEnLh
Registering zlib-bindings-0.1.1.5...
